Using pre-set license
Built from '2022.3/staging' branch; Version is '2022.3.38f1 (c5d5a7410213) revision 12965287'; Using compiler version '192829333'; Build Type 'Release'
OS: 'Unknown Windows version  (6.2.9200) 64bit Core' Language: 'en' Physical Memory: 16104 MB
BatchMode: 1, IsHumanControllingUs: 0, StartBugReporterOnCrash: 0, Is64bit: 1, IsPro: 1

COMMAND LINE ARGUMENTS:
D:\Unity\Installs\2022.3.38f1\Editor\Unity.exe
-adb2
-batchMode
-noUpm
-name
AssetImportWorker1
-projectPath
D:/Unity/Unity Projects/Med-Aid/MedAid
-logFile
Logs/AssetImportWorker1.log
-srvPort
49907
Successfully changed project path to: D:/Unity/Unity Projects/Med-Aid/MedAid
D:/Unity/Unity Projects/Med-Aid/MedAid
[UnityMemory] Configuration Parameters - Can be set up in boot.config
    "memorysetup-bucket-allocator-granularity=16"
    "memorysetup-bucket-allocator-bucket-count=8"
    "memorysetup-bucket-allocator-block-size=33554432"
    "memorysetup-bucket-allocator-block-count=8"
    "memorysetup-main-allocator-block-size=16777216"
    "memorysetup-thread-allocator-block-size=16777216"
    "memorysetup-gfx-main-allocator-block-size=16777216"
    "memorysetup-gfx-thread-allocator-block-size=16777216"
    "memorysetup-cache-allocator-block-size=4194304"
    "memorysetup-typetree-allocator-block-size=2097152"
    "memorysetup-profiler-bucket-allocator-granularity=16"
    "memorysetup-profiler-bucket-allocator-bucket-count=8"
    "memorysetup-profiler-bucket-allocator-block-size=33554432"
    "memorysetup-profiler-bucket-allocator-block-count=8"
    "memorysetup-profiler-allocator-block-size=16777216"
    "memorysetup-profiler-editor-allocator-block-size=1048576"
    "memorysetup-temp-allocator-size-main=16777216"
    "memorysetup-job-temp-allocator-block-size=2097152"
    "memorysetup-job-temp-allocator-block-size-background=1048576"
    "memorysetup-job-temp-allocator-reduction-small-platforms=262144"
    "memorysetup-allocator-temp-initial-block-size-main=262144"
    "memorysetup-allocator-temp-initial-block-size-worker=262144"
    "memorysetup-temp-allocator-size-background-worker=32768"
    "memorysetup-temp-allocator-size-job-worker=262144"
    "memorysetup-temp-allocator-size-preload-manager=33554432"
    "memorysetup-temp-allocator-size-nav-mesh-worker=65536"
    "memorysetup-temp-allocator-size-audio-worker=65536"
    "memorysetup-temp-allocator-size-cloud-worker=32768"
    "memorysetup-temp-allocator-size-gi-baking-worker=262144"
    "memorysetup-temp-allocator-size-gfx=262144"
Player connection [16816]  Target information:

Player connection [16816]  * "[IP] 192.168.0.102 [Port] 0 [Flags] 2 [Guid] 1162308333 [EditorId] 1162308333 [Version] 1048832 [Id] WindowsEditor(7,Rahul) [Debug] 1 [PackageName] WindowsEditor [ProjectName] Editor" 

Player connection [16816] Host joined multi-casting on [225.0.0.222:54997]...
Player connection [16816] Host joined alternative multi-casting on [225.0.0.222:34997]...
[PhysX] Initialized MultithreadedTaskDispatcher with 16 workers.
Refreshing native plugins compatible for Editor in 4.80 ms, found 3 plugins.
Preloading 0 native plugins for Editor in 0.00 ms.
Initialize engine version: 2022.3.38f1 (c5d5a7410213)
[Subsystems] Discovering subsystems at path D:/Unity/Installs/2022.3.38f1/Editor/Data/Resources/UnitySubsystems
[Subsystems] Discovering subsystems at path D:/Unity/Unity Projects/Med-Aid/MedAid/Assets
GfxDevice: creating device client; threaded=0; jobified=0
Direct3D:
    Version:  Direct3D 11.0 [level 11.1]
    Renderer: NVIDIA GeForce RTX 4050 Laptop GPU (ID=0x28a1)
    Vendor:   NVIDIA
    VRAM:     5921 MB
    Driver:   32.0.15.6070
Initialize mono
Mono path[0] = 'D:/Unity/Installs/2022.3.38f1/Editor/Data/Managed'
Mono path[1] = 'D:/Unity/Installs/2022.3.38f1/Editor/Data/MonoBleedingEdge/lib/mono/unityjit-win32'
Mono config path = 'D:/Unity/Installs/2022.3.38f1/Editor/Data/MonoBleedingEdge/etc'
Using monoOptions --debugger-agent=transport=dt_socket,embedding=1,server=y,suspend=n,address=127.0.0.1:56424
Begin MonoManager ReloadAssembly
Registering precompiled unity dll's ...
Register platform support module: D:/Unity/Installs/2022.3.38f1/Editor/Data/PlaybackEngines/WebGLSupport/UnityEditor.WebGL.Extensions.dll
Register platform support module: D:/Unity/Installs/2022.3.38f1/Editor/Data/PlaybackEngines/AndroidPlayer/UnityEditor.Android.Extensions.dll
Register platform support module: D:/Unity/Installs/2022.3.38f1/Editor/Data/PlaybackEngines/WindowsStandaloneSupport/UnityEditor.WindowsStandalone.Extensions.dll
Register platform support module: D:/Unity/Installs/2022.3.38f1/Editor/Data/PlaybackEngines/MetroSupport/UnityEditor.UWP.Extensions.dll
Registered in 0.004348 seconds.
- Loaded All Assemblies, in  1.659 seconds
Native extension for UWP target not found
Native extension for WindowsStandalone target not found
Native extension for Android target not found
Android Extension - Scanning For ADB Devices 474 ms
Native extension for WebGL target not found
Mono: successfully reloaded assembly
- Finished resetting the current domain, in  2.100 seconds
Domain Reload Profiling: 3761ms
	BeginReloadAssembly (292ms)
		ExecutionOrderSort (0ms)
		DisableScriptedObjects (0ms)
		BackupInstance (0ms)
		ReleaseScriptingObjects (0ms)
		CreateAndSetChildDomain (2ms)
	RebuildCommonClasses (229ms)
	RebuildNativeTypeToScriptingClass (59ms)
	initialDomainReloadingComplete (183ms)
	LoadAllAssembliesAndSetupDomain (895ms)
		LoadAssemblies (292ms)
		RebuildTransferFunctionScriptingTraits (0ms)
		AnalyzeDomain (890ms)
			TypeCache.Refresh (886ms)
				TypeCache.ScanAssembly (851ms)
			ScanForSourceGeneratedMonoScriptInfo (1ms)
			ResolveRequiredComponents (2ms)
	FinalizeReload (2102ms)
		ReleaseScriptCaches (0ms)
		RebuildScriptCaches (0ms)
		SetupLoadedEditorAssemblies (1841ms)
			LogAssemblyErrors (0ms)
			InitializePlatformSupportModulesInManaged (970ms)
			SetLoadedEditorAssemblies (17ms)
			RefreshPlugins (0ms)
			BeforeProcessingInitializeOnLoad (13ms)
			ProcessInitializeOnLoadAttributes (608ms)
			ProcessInitializeOnLoadMethodAttributes (232ms)
			AfterProcessingInitializeOnLoad (0ms)
			EditorAssembliesLoaded (0ms)
		ExecutionOrderSort2 (0ms)
		AwakeInstancesAfterBackupRestoration (0ms)
========================================================================
Worker process is ready to serve import requests
Begin MonoManager ReloadAssembly
Loading assembly failed: "Packages/com.unity.collab-proxy/Lib/Editor/PlasticSCM/unityplastic.dll"
Loading assembly failed: "Packages/com.unity.collab-proxy/Lib/Editor/PlasticSCM/Unity.Plastic.Antlr3.Runtime.dll"
Loading assembly failed: "Packages/com.unity.collab-proxy/Lib/Editor/PlasticSCM/Unity.Plastic.Newtonsoft.Json.dll"
Loading assembly failed: "Packages/com.unity.collab-proxy/Lib/Editor/PlasticSCM/log4netPlastic.dll"
Unloading broken assembly Library/ScriptAssemblies/Unity.PlasticSCM.Editor.dll, this assembly can cause crashes in the runtime
- Loaded All Assemblies, in  4.506 seconds
Refreshing native plugins compatible for Editor in 1.92 ms, found 1 plugins.
Could not load signature of Unity.PlasticSCM.Editor.Views.PendingChanges.Dialogs.EmptyCheckinMessageDialog:ShouldContinueWithCheckin due to: Could not load file or assembly 'unityplastic, Version=11.0.16.8673, Culture=neutral, PublicKeyToken=a107c9c6e34c8876' or one of its dependencies.
Could not load signature of Unity.PlasticSCM.Editor.Views.PendingChanges.Dialogs.EmptyCheckinMessageDialog:Create due to: Could not load file or assembly 'unityplastic, Version=11.0.16.8673, Culture=neutral, PublicKeyToken=a107c9c6e34c8876' or one of its dependencies.
Could not load signature of Unity.PlasticSCM.Editor.Views.Branches.CreateBranchDialog:CreateBranchFromLastParentBranchChangeset due to: Could not load file or assembly 'unityplastic, Version=11.0.16.8673, Culture=neutral, PublicKeyToken=a107c9c6e34c8876' or one of its dependencies.
Could not load signature of Unity.PlasticSCM.Editor.Views.Branches.CreateBranchDialog:Create due to: Could not load file or assembly 'unityplastic, Version=11.0.16.8673, Culture=neutral, PublicKeyToken=a107c9c6e34c8876' or one of its dependencies.
Could not load signature of Unity.PlasticSCM.Editor.Views.Branches.CreateBranchDialog:BuildCreationData due to: Could not load file or assembly 'unityplastic, Version=11.0.16.8673, Culture=neutral, PublicKeyToken=a107c9c6e34c8876' or one of its dependencies.
Could not load signature of Unity.PlasticSCM.Editor.UI.Message.PlasticQuestionAlert:Show due to: Could not load file or assembly 'unityplastic, Version=11.0.16.8673, Culture=neutral, PublicKeyToken=a107c9c6e34c8876' or one of its dependencies.
Could not load signature of Unity.PlasticSCM.Editor.UI.Message.PlasticQuestionAlert:Create due to: Could not load file or assembly 'unityplastic, Version=11.0.16.8673, Culture=neutral, PublicKeyToken=a107c9c6e34c8876' or one of its dependencies.
Could not load signature of Unity.PlasticSCM.Editor.CollabMigration.MigrationDialog:Show due to: Could not load file or assembly 'unityplastic, Version=11.0.16.8673, Culture=neutral, PublicKeyToken=a107c9c6e34c8876' or one of its dependencies.
Could not load signature of Unity.PlasticSCM.Editor.CollabMigration.MigrationDialog:GetEventCloudOrganizationInfo due to: Could not load file or assembly 'unityplastic, Version=11.0.16.8673, Culture=neutral, PublicKeyToken=a107c9c6e34c8876' or one of its dependencies.
Could not load signature of Unity.PlasticSCM.Editor.CollabMigration.MigrationDialog:UpdateProgress due to: Could not load file or assembly 'unityplastic, Version=11.0.16.8673, Culture=neutral, PublicKeyToken=a107c9c6e34c8876' or one of its dependencies.
Could not load signature of Unity.PlasticSCM.Editor.CollabMigration.MigrationDialog:LaunchMigration due to: Could not load file or assembly 'unityplastic, Version=11.0.16.8673, Culture=neutral, PublicKeyToken=a107c9c6e34c8876' or one of its dependencies.
Could not load signature of Unity.PlasticSCM.Editor.CollabMigration.MigrationDialog:TrackWorkspaceMigrationFinishedFailureEvent due to: Could not load file or assembly 'unityplastic, Version=11.0.16.8673, Culture=neutral, PublicKeyToken=a107c9c6e34c8876' or one of its dependencies.
Could not load signature of Unity.PlasticSCM.Editor.CollabMigration.MigrationDialog:Create due to: Could not load file or assembly 'unityplastic, Version=11.0.16.8673, Culture=neutral, PublicKeyToken=a107c9c6e34c8876' or one of its dependencies.
Could not load signature of Unity.PlasticSCM.Editor.Configuration.CredentialsDialog:RequestCredentials due to: Could not load file or assembly 'unityplastic, Version=11.0.16.8673, Culture=neutral, PublicKeyToken=a107c9c6e34c8876' or one of its dependencies.
Could not load signature of Unity.PlasticSCM.Editor.Configuration.CredentialsDialog:BuildCredentialsDialogData due to: Could not load file or assembly 'unityplastic, Version=11.0.16.8673, Culture=neutral, PublicKeyToken=a107c9c6e34c8876' or one of its dependencies.
Could not load signature of Unity.PlasticSCM.Editor.Configuration.CredentialsDialog:Create due to: Could not load file or assembly 'unityplastic, Version=11.0.16.8673, Culture=neutral, PublicKeyToken=a107c9c6e34c8876' or one of its dependencies.
Could not load signature of Unity.PlasticSCM.Editor.Gluon.UpdateReport.UpdateReportDialog:ShowUpdateReport due to: Could not load file or assembly 'unityplastic, Version=11.0.16.8673, Culture=neutral, PublicKeyToken=a107c9c6e34c8876' or one of its dependencies.
Could not load signature of Unity.PlasticSCM.Editor.Gluon.UpdateReport.UpdateReportDialog:GetUpdateReportResult due to: Could not load file or assembly 'unityplastic, Version=11.0.16.8673, Culture=neutral, PublicKeyToken=a107c9c6e34c8876' or one of its dependencies.
Could not load signature of Unity.PlasticSCM.Editor.Gluon.UpdateReport.UpdateReportDialog:UpdateUpdateReportList due to: Could not load file or assembly 'unityplastic, Version=11.0.16.8673, Culture=neutral, PublicKeyToken=a107c9c6e34c8876' or one of its dependencies.
Could not load signature of Unity.PlasticSCM.Editor.Gluon.UpdateReport.UpdateReportDialog:GetErrorDetailsText due to: Could not load file or assembly 'unityplastic, Version=11.0.16.8673, Culture=neutral, PublicKeyToken=a107c9c6e34c8876' or one of its dependencies.
Could not load signature of Unity.PlasticSCM.Editor.Gluon.UpdateReport.UpdateReportDialog:DoErrorDetailsTextArea due to: Could not load file or assembly 'unityplastic, Version=11.0.16.8673, Culture=neutral, PublicKeyToken=a107c9c6e34c8876' or one of its dependencies.
Could not load signature of Unity.PlasticSCM.Editor.Gluon.UpdateReport.UpdateReportDialog:BuildComponents due to: Could not load file or assembly 'unityplastic, Version=11.0.16.8673, Culture=neutral, PublicKeyToken=a107c9c6e34c8876' or one of its dependencies.
Could not load signature of Unity.PlasticSCM.Editor.Gluon.UpdateReport.UpdateReportDialog:Create due to: Could not load file or assembly 'unityplastic, Version=11.0.16.8673, Culture=neutral, PublicKeyToken=a107c9c6e34c8876' or one of its dependencies.
Could not load signature of Unity.PlasticSCM.Editor.Views.DownloadPlasticExeWindow:ShowWindow due to: Could not load file or assembly 'unityplastic, Version=11.0.16.8673, Culture=neutral, PublicKeyToken=a107c9c6e34c8876' or one of its dependencies.
Could not load signature of Unity.PlasticSCM.Editor.Views.PendingChanges.Dialogs.CreateChangelistDialog:CreateChangelist due to: Could not load file or assembly 'unityplastic, Version=11.0.16.8673, Culture=neutral, PublicKeyToken=a107c9c6e34c8876' or one of its dependencies.
Could not load signature of Unity.PlasticSCM.Editor.Views.PendingChanges.Dialogs.CreateChangelistDialog:EditChangelist due to: Could not load file or assembly 'unityplastic, Version=11.0.16.8673, Culture=neutral, PublicKeyToken=a107c9c6e34c8876' or one of its dependencies.
Could not load signature of Unity.PlasticSCM.Editor.Views.PendingChanges.Dialogs.CreateChangelistDialog:Create due to: Could not load file or assembly 'unityplastic, Version=11.0.16.8673, Culture=neutral, PublicKeyToken=a107c9c6e34c8876' or one of its dependencies.
Could not load signature of Unity.PlasticSCM.Editor.Views.PendingChanges.Dialogs.CreateChangelistDialog:Edit due to: Could not load file or assembly 'unityplastic, Version=11.0.16.8673, Culture=neutral, PublicKeyToken=a107c9c6e34c8876' or one of its dependencies.
Could not load signature of Unity.PlasticSCM.Editor.Views.PendingChanges.Dialogs.CreateChangelistDialog:BuildCreationData due to: Could not load file or assembly 'unityplastic, Version=11.0.16.8673, Culture=neutral, PublicKeyToken=a107c9c6e34c8876' or one of its dependencies.
Could not load signature of Unity.PlasticSCM.Editor.Views.ConfirmContinueWithPendingChangesDialog:ConfirmContinue due to: Could not load file or assembly 'unityplastic, Version=11.0.16.8673, Culture=neutral, PublicKeyToken=a107c9c6e34c8876' or one of its dependencies.
Could not load signature of Unity.PlasticSCM.Editor.Views.ConfirmContinueWithPendingChangesDialog:Create due to: Could not load file or assembly 'unityplastic, Version=11.0.16.8673, Culture=neutral, PublicKeyToken=a107c9c6e34c8876' or one of its dependencies.
Could not load signature of Unity.PlasticSCM.Editor.Views.PendingChanges.Dialogs.CheckinConflictsDialog:Show due to: Could not load file or assembly 'unityplastic, Version=11.0.16.8673, Culture=neutral, PublicKeyToken=a107c9c6e34c8876' or one of its dependencies.
Could not load signature of Unity.PlasticSCM.Editor.Views.PendingChanges.Dialogs.CheckinConflictsDialog:GetConflictsText due to: Could not load file or assembly 'unityplastic, Version=11.0.16.8673, Culture=neutral, PublicKeyToken=a107c9c6e34c8876' or one of its dependencies.
Could not load signature of Unity.PlasticSCM.Editor.Views.PendingChanges.Dialogs.FilterRulesConfirmationDialog:AskForConfirmation due to: Could not load file or assembly 'unityplastic, Version=11.0.16.8673, Culture=neutral, PublicKeyToken=a107c9c6e34c8876' or one of its dependencies.
Could not load signature of Unity.PlasticSCM.Editor.Views.Diff.Dialogs.GetRestorePathDialog:GetRestorePath due to: Could not load file or assembly 'unityplastic, Version=11.0.16.8673, Culture=neutral, PublicKeyToken=a107c9c6e34c8876' or one of its dependencies.
Could not load signature of Unity.PlasticSCM.Editor.Views.Diff.Dialogs.GetRestorePathDialog:BuildGetRestorePathResult due to: Could not load file or assembly 'unityplastic, Version=11.0.16.8673, Culture=neutral, PublicKeyToken=a107c9c6e34c8876' or one of its dependencies.
Could not load signature of Unity.PlasticSCM.Editor.Views.Diff.Dialogs.GetRestorePathDialog:GetRestorePathResultType due to: Could not load file or assembly 'unityplastic, Version=11.0.16.8673, Culture=neutral, PublicKeyToken=a107c9c6e34c8876' or one of its dependencies.
Could not load signature of Unity.PlasticSCM.Editor.Configuration.TeamEdition.TeamEditionConfigurationWindow:ShowWindow due to: Could not load file or assembly 'unityplastic, Version=11.0.16.8673, Culture=neutral, PublicKeyToken=a107c9c6e34c8876' or one of its dependencies.
Could not load signature of Unity.PlasticSCM.Editor.Configuration.TeamEdition.TeamEditionConfigurationWindow:<ConnectButton_Clicked>b__3_2 due to: Could not load file or assembly 'unityplastic, Version=11.0.16.8673, Culture=neutral, PublicKeyToken=a107c9c6e34c8876' or one of its dependencies.
Could not load signature of Unity.PlasticSCM.Editor.Configuration.TeamEdition.TeamEditionConfigurationWindow:<ConnectButton_Clicked>b__3_3 due to: Could not load file or assembly 'unityplastic, Version=11.0.16.8673, Culture=neutral, PublicKeyToken=a107c9c6e34c8876' or one of its dependencies.
Could not load signature of Unity.PlasticSCM.Editor.Configuration.TeamEdition.TeamEditionConfigurationWindow:<CheckConnectionButton_Clicked>b__5_2 due to: Could not load file or assembly 'unityplastic, Version=11.0.16.8673, Culture=neutral, PublicKeyToken=a107c9c6e34c8876' or one of its dependencies.
Could not load signature of Unity.PlasticSCM.Editor.Configuration.EncryptionConfigurationDialog:RequestEncryptionPassword due to: Could not load file or assembly 'unityplastic, Version=11.0.16.8673, Culture=neutral, PublicKeyToken=a107c9c6e34c8876' or one of its dependencies.
Could not load signature of Unity.PlasticSCM.Editor.Configuration.EncryptionConfigurationDialog:BuildEncryptionConfigurationData due to: Could not load file or assembly 'unityplastic, Version=11.0.16.8673, Culture=neutral, PublicKeyToken=a107c9c6e34c8876' or one of its dependencies.
Could not load signature of Unity.PlasticSCM.Editor.Views.PendingChanges.Dialogs.DependenciesDialog:IncludeDependencies due to: Could not load file or assembly 'unityplastic, Version=11.0.16.8673, Culture=neutral, PublicKeyToken=a107c9c6e34c8876' or one of its dependencies.
Could not load signature of Unity.PlasticSCM.Editor.Views.PendingChanges.Dialogs.DependenciesDialog:Create due to: Could not load file or assembly 'unityplastic, Version=11.0.16.8673, Culture=neutral, PublicKeyToken=a107c9c6e34c8876' or one of its dependencies.
Could not load signature of Unity.PlasticSCM.Editor.Views.Branches.Dialogs.RenameBranchDialog:GetBranchRenameData due to: Could not load file or assembly 'unityplastic, Version=11.0.16.8673, Culture=neutral, PublicKeyToken=a107c9c6e34c8876' or one of its dependencies.
Could not load signature of Unity.PlasticSCM.Editor.Views.Branches.Dialogs.RenameBranchDialog:Create due to: Could not load file or assembly 'unityplastic, Version=11.0.16.8673, Culture=neutral, PublicKeyToken=a107c9c6e34c8876' or one of its dependencies.
Could not load signature of Unity.PlasticSCM.Editor.Views.Branches.Dialogs.RenameBranchDialog:BuildRenameData due to: Could not load file or assembly 'unityplastic, Version=11.0.16.8673, Culture=neutral, PublicKeyToken=a107c9c6e34c8876' or one of its dependencies.
Native extension for UWP target not found
Native extension for WindowsStandalone target not found
Native extension for Android target not found
Native extension for WebGL target not found
System.TypeInitializationException: The type initializer for 'Unity.Cloud.Collaborate.ToolbarButton' threw an exception. ---> System.IO.FileNotFoundException: Could not load file or assembly 'unityplastic, Version=11.0.16.8673, Culture=neutral, PublicKeyToken=a107c9c6e34c8876' or one of its dependencies.
   --- End of inner exception stack trace ---
  at Unity.Cloud.Collaborate.ToolbarBootstrap..cctor () [0x00000] in .\Library\PackageCache\com.unity.collab-proxy@2.4.3\Editor\PlasticSCM\Toolbar\ToolbarButton.cs:14 
UnityEngine.StackTraceUtility:ExtractStackTrace ()
UnityEngine.DebugLogHandler:LogFormat (UnityEngine.LogType,UnityEngine.Object,string,object[])
UnityEngine.Logger:Log (UnityEngine.LogType,object)
UnityEngine.Debug:LogError (object)
UnityEditor.EditorAssemblies:ProcessInitializeOnLoadAttributes (System.Type[])

Mono: successfully reloaded assembly
- Finished resetting the current domain, in  4.155 seconds
Domain Reload Profiling: 8667ms
	BeginReloadAssembly (1303ms)
		ExecutionOrderSort (0ms)
		DisableScriptedObjects (48ms)
		BackupInstance (0ms)
		ReleaseScriptingObjects (0ms)
		CreateAndSetChildDomain (563ms)
	RebuildCommonClasses (466ms)
	RebuildNativeTypeToScriptingClass (104ms)
	initialDomainReloadingComplete (205ms)
	LoadAllAssembliesAndSetupDomain (2428ms)
		LoadAssemblies (922ms)
		RebuildTransferFunctionScriptingTraits (0ms)
		AnalyzeDomain (1907ms)
			TypeCache.Refresh (1630ms)
				TypeCache.ScanAssembly (1563ms)
			ScanForSourceGeneratedMonoScriptInfo (167ms)
			ResolveRequiredComponents (110ms)
	FinalizeReload (4161ms)
		ReleaseScriptCaches (0ms)
		RebuildScriptCaches (0ms)
		SetupLoadedEditorAssemblies (2493ms)
			LogAssemblyErrors (0ms)
			InitializePlatformSupportModulesInManaged (128ms)
			SetLoadedEditorAssemblies (17ms)
			RefreshPlugins (0ms)
			BeforeProcessingInitializeOnLoad (225ms)
			ProcessInitializeOnLoadAttributes (1056ms)
			ProcessInitializeOnLoadMethodAttributes (1042ms)
			AfterProcessingInitializeOnLoad (19ms)
			EditorAssembliesLoaded (7ms)
		ExecutionOrderSort2 (0ms)
		AwakeInstancesAfterBackupRestoration (122ms)
Assertion failed on expression: 'reloadOk'
Launched and connected shader compiler UnityShaderCompiler.exe after 0.64 seconds
Refreshing native plugins compatible for Editor in 5.94 ms, found 1 plugins.
Preloading 0 native plugins for Editor in 0.00 ms.
Unloading 4934 Unused Serialized files (Serialized files now loaded: 0)
Unloading 63 unused Assets / (348.0 KB). Loaded Objects now: 5395.
Memory consumption went from 203.5 MB to 203.1 MB.
Total: 13.325300 ms (FindLiveObjects: 0.573800 ms CreateObjectMapping: 0.460200 ms MarkObjects: 11.878600 ms  DeleteObjects: 0.409900 ms)

AssetImportParameters requested are different than current active one (requested -> active):
  custom:scripting/monoscript/fileName/IncomingChangesTab.cs: af2f8b65a736cbc2c6197311f8f8caf3 -> 8f6297df34271fdb1ce2d9607ec6261d
  custom:scripting/monoscript/fileName/IncomingChangesNotifier.cs: 10fad815611441fb3a805150421ed991 -> 8f6297df34271fdb1ce2d9607ec6261d
  custom:container-demuxer-ogg: 62fdf1f143b41e24485cea50d1cbac27 -> 
  custom:scripting/precompiled-assembly-types:Unity.PlasticSCM.Editor: 7c35b8b57f89fbaa56fd262602518422 -> 
  custom:scripting/monoscript/fileName/ProgressControlsForDialogs.cs: 7e6bd1727985204e3b64e1946e589b1c -> a53f96815da50de15010b1c479bc70cf
  custom:scripting/monoscript/fileName/SSOCredentialsDialog.cs: e140ede12a96f68f30062138385171c3 -> 90647cc400823b41df847a6cbfc29026
  custom:video-codec-MediaFoundation-h265: 746d11721c4dcdbdad8f713fa42b33f4 -> 
  custom:scripting/monoscript/fileName/RepositoriesListView.cs: 95287f65338ca0073ad04002a16eaaf7 -> 90647cc400823b41df847a6cbfc29026
  custom:video-decoder-ogg-theora: a1e56fd34408186e4bbccfd4996cb3dc -> 
  custom:framework-win-MediaFoundation: 216162199b28c13a410421893ffa2e32 -> 
  custom:scripting/monoscript/fileName/ProgressControlsForViews.cs: a8a18a90f46aa63848e1e45d8d7ff9af -> 0cdf409b5aa8d4c25876d72b5c6a3b60
  custom:scripting/monoscript/fileName/MissingEncryptionPasswordPromptHandler.cs: 5d7b9646eb14a39b6d3d5bab19d266ff -> 90647cc400823b41df847a6cbfc29026
  custom:scripting/monoscript/fileName/NotificationBar.cs: 0daf459fa0c4269b16bcc20cd072c021 -> 0cdf409b5aa8d4c25876d72b5c6a3b60
  custom:scripting/monoscript/fileName/UnityThreadWaiter.cs: 99333406d92d10003984b4d1920de2f9 -> 0cdf409b5aa8d4c25876d72b5c6a3b60
  custom:scripting/monoscript/fileName/LocksListView.cs: 7aa51ff93bcc98aa05dec8b46ec200c4 -> 90647cc400823b41df847a6cbfc29026
  custom:scripting/monoscript/fileName/HistoryTab.cs: d57f000c65fde42a2228c7a105a836e5 -> 90647cc400823b41df847a6cbfc29026
  custom:scripting/monoscript/fileName/CreateRepositoryDialog.cs: 5cec3e66b09e0dbe1f805953c5c64af9 -> 90647cc400823b41df847a6cbfc29026
  custom:scripting/monoscript/fileName/ViewSwitcher.cs: 1700c042de8c16a5c0f6851d66df802a -> 90647cc400823b41df847a6cbfc29026
  custom:CustomObjectIndexerAttribute: 72b91833f83ae208fae7752999fa3104 -> 
  custom:container-demuxer-webm: 4f35f7cbe854078d1ac9338744f61a02 -> 
  custom:scripting/monoscript/fileName/UpdateReportDialog.cs: 087837d8f73228f1a817d0de82c77260 -> d1628edb27b556e9e45af714e1b3ce2e
  custom:scripting/monoscript/fileName/LaunchCheckinConflictsDialog.cs: e2c1e3f8f4e14a62e4363fe6259adbc2 -> 90647cc400823b41df847a6cbfc29026
  custom:scripting/monoscript/fileName/CreateWorkspaceView.cs: 04b4ce6556541af6541e1f1c2ea97052 -> 849ed7f5b11c9db237ef61b01c5a5104
  custom:scripting/monoscript/fileName/CheckinDialog.cs: 702fdb8d0a3b4bfcb9ba109e71325cad -> 0cdf409b5aa8d4c25876d72b5c6a3b60
  custom:container-muxer-webm: aa71ff27fc2769a1b78a27578f13a17b -> 
  custom:scripting/monoscript/fileName/EditorProgressControls.cs: 2e606eb01a6e6a567f3de9a0379ed3ae -> 90647cc400823b41df847a6cbfc29026
  custom:scripting/precompiled-assembly-types:log4net: 019978558686b3dbe60f5be7e8a69682 -> 
  custom:video-decoder-webm-vp8: 9c59270c3fd7afecdb556c50c9e8de78 -> 
  custom:scripting/monoscript/fileName/ChangesetsTab.cs: 46dde8f7856048792ad2e75490bb8c5e -> 0cdf409b5aa8d4c25876d72b5c6a3b60
  custom:SearchIndexIgnoredProperties: e643bd26f0fe6173181afceb89e7c659 -> 
  custom:AudioImporter_EditorPlatform: d09bf68614088b80899f8185d706f6e7 -> 
  custom:scripting/precompiled-assembly-types:Unity.Plastic.Newtonsoft.Json: c587937513b02a3c784dfd4229f1b707 -> 
  custom:scripting/monoscript/fileName/DiffPanel.cs: 210366dab3631628227b9406f87a9b7f -> 90647cc400823b41df847a6cbfc29026
  custom:scripting/monoscript/fileName/ProgressOperationHandler.cs: ec62666c0ca1649dd33cc6bc6834c6f7 -> 8da79525110cdcf421ce08e37577cfbc
  custom:scripting/monoscript/fileName/UnityPlasticTimer.cs: 6c887e722e951c2964523825cad70c4c -> 0cdf409b5aa8d4c25876d72b5c6a3b60
  custom:scripting/precompiled-assembly-types:Unity.Plastic.Antlr3.Runtime: 6770513df7cfb4050a1e6f0a02312f5b -> 
  custom:scripting/monoscript/fileName/ConfirmContinueWithPendingChangesDialog.cs: 77462b1904ad8f6fee2f8da4523d59fe -> 0fd6c484965f7cb9b268e798298a9886
  custom:scripting/monoscript/fileName/ChannelCertificateUiImpl.cs: cefccf1e13b7bcf15e3c9f2dd4cd2fc8 -> 90647cc400823b41df847a6cbfc29026
  custom:scripting/monoscript/fileName/RepositoryExplorerDialog.cs: eea34924da79ad7254f3e141a891c78d -> 0cdf409b5aa8d4c25876d72b5c6a3b60
  custom:video-encoder-webm-vp8: eb34c28f22e8b96e1ab97ce403110664 -> 
  custom:scripting/monoscript/fileName/AutoLogin.cs: cac363a2d5471994de278e71f937b032 -> 90647cc400823b41df847a6cbfc29026
  custom:audio-decoder-ogg-vorbis: bf7c407c2cedff20999df2af8eb42d56 -> 
  custom:scripting/monoscript/fileName/LaunchDependenciesDialog.cs: 2cabf22eb95430074b6c730a84e03493 -> 90647cc400823b41df847a6cbfc29026
  custom:scripting/monoscript/fileName/CloudEditionWelcomeWindow.cs: b1721e471183956468462f6b64901640 -> c1777a498406cd95bc755aaf92ab946f
  custom:scripting/monoscript/fileName/CredentialsUIImpl.cs: dbacf67c37819fd95562fe169e706732 -> 90647cc400823b41df847a6cbfc29026
  custom:scripting/monoscript/fileName/UnityPlasticGuiMessage.cs: 24eef0792e3802809607a7f9d04b8f1d -> 90647cc400823b41df847a6cbfc29026
  custom:scripting/monoscript/fileName/LocksTab.cs: 00ffb5a39c16fdc2d733c7e53471a3a9 -> 90647cc400823b41df847a6cbfc29026
  custom:scripting/monoscript/fileName/BranchesTab.cs: 57c33f76c527a5aba4d269245ffff188 -> 90647cc400823b41df847a6cbfc29026
  custom:audio-encoder-webm-vorbis: bf7c407c2cedff20999df2af8eb42d56 -> 
  custom:scripting/precompiled-assembly-types:unityplastic: 6b15354c19f5564bcbdee9a5935b633e -> 
  custom:scripting/monoscript/fileName/PlasticWindow.cs: fc467478941f610919bc69526ba2c215 -> 0cdf409b5aa8d4c25876d72b5c6a3b60
========================================================================
Received Prepare
Begin MonoManager ReloadAssembly
- Loaded All Assemblies, in  2.660 seconds
Refreshing native plugins compatible for Editor in 2.56 ms, found 3 plugins.
Native extension for UWP target not found
Native extension for WindowsStandalone target not found
Native extension for Android target not found
Native extension for WebGL target not found
Package Manager log level set to [2]
[Package Manager] Server::EnsureServerProcessIsRunning -- launch failed, reason: Unity was launched with the -noUpm command-line argument
[Package Manager] UpmClient::Send -- Unable to send message (not connected to UPM process).
[Package Manager] Cannot connect to Unity Package Manager local server
Mono: successfully reloaded assembly
- Finished resetting the current domain, in  3.931 seconds
Domain Reload Profiling: 6594ms
	BeginReloadAssembly (801ms)
		ExecutionOrderSort (0ms)
		DisableScriptedObjects (21ms)
		BackupInstance (0ms)
		ReleaseScriptingObjects (0ms)
		CreateAndSetChildDomain (405ms)
	RebuildCommonClasses (284ms)
	RebuildNativeTypeToScriptingClass (69ms)
	initialDomainReloadingComplete (88ms)
	LoadAllAssembliesAndSetupDomain (1418ms)
		LoadAssemblies (567ms)
		RebuildTransferFunctionScriptingTraits (0ms)
		AnalyzeDomain (1109ms)
			TypeCache.Refresh (905ms)
				TypeCache.ScanAssembly (882ms)
			ScanForSourceGeneratedMonoScriptInfo (106ms)
			ResolveRequiredComponents (97ms)
	FinalizeReload (3934ms)
		ReleaseScriptCaches (0ms)
		RebuildScriptCaches (0ms)
		SetupLoadedEditorAssemblies (2749ms)
			LogAssemblyErrors (0ms)
			InitializePlatformSupportModulesInManaged (107ms)
			SetLoadedEditorAssemblies (17ms)
			RefreshPlugins (0ms)
			BeforeProcessingInitializeOnLoad (210ms)
			ProcessInitializeOnLoadAttributes (2070ms)
			ProcessInitializeOnLoadMethodAttributes (343ms)
			AfterProcessingInitializeOnLoad (3ms)
			EditorAssembliesLoaded (1ms)
		ExecutionOrderSort2 (0ms)
		AwakeInstancesAfterBackupRestoration (85ms)
Refreshing native plugins compatible for Editor in 3.28 ms, found 3 plugins.
Preloading 0 native plugins for Editor in 0.00 ms.
Unloading 4784 Unused Serialized files (Serialized files now loaded: 0)
Unloading 41 unused Assets / (319.2 KB). Loaded Objects now: 5401.
Memory consumption went from 177.7 MB to 177.4 MB.
Total: 4.630500 ms (FindLiveObjects: 0.341500 ms CreateObjectMapping: 0.190600 ms MarkObjects: 3.944500 ms  DeleteObjects: 0.152400 ms)

Prepare: number of updated asset objects reloaded= 3
AssetImportParameters requested are different than current active one (requested -> active):
  custom:scripting/monoscript/fileName/IncomingChangesTab.cs: acd9ec783d05ec6acce245777b596983 -> 90ffe00b0ad6bc489e397f476c5b6532
  custom:scripting/monoscript/fileName/IncomingChangesNotifier.cs: 0bfcdd9eeb0b298616154e2db5e6905b -> d2e909f548d36e659cbb960f874c96b3
  custom:container-demuxer-ogg: 62fdf1f143b41e24485cea50d1cbac27 -> 
  custom:scripting/monoscript/fileName/ProgressControlsForDialogs.cs: 6bf8e69ac7dc2163fe988e5d8181ce88 -> 9b0319e9227ab131391edb651788ffb4
  custom:scripting/monoscript/fileName/SSOCredentialsDialog.cs: 8967ceae1bc195ea8dd32b23c42dd852 -> a7176f3a11e5947650a15033b4479b40
  custom:video-codec-MediaFoundation-h265: 746d11721c4dcdbdad8f713fa42b33f4 -> 
  custom:scripting/monoscript/fileName/RepositoriesListView.cs: 9f95c83dc460fb03fb0916472f14b8a7 -> 870e2845c6a0cf772f12223833e4fea9
  custom:video-decoder-ogg-theora: a1e56fd34408186e4bbccfd4996cb3dc -> 
  custom:framework-win-MediaFoundation: 216162199b28c13a410421893ffa2e32 -> 
  custom:scripting/monoscript/fileName/ProgressControlsForViews.cs: 7d677c6df38ab15cf390062b5b0bb854 -> 96f786c7c9e6bb56490986f826163550
  custom:scripting/monoscript/fileName/MissingEncryptionPasswordPromptHandler.cs: 7f5831fc8a41e9cadd84fcfd0e885072 -> 228a40501dfa5ca2429e37ca2f14f78f
  custom:scripting/monoscript/fileName/NotificationBar.cs: e0f12e3f3292fff5a590c00b59f3a17a -> 3c474320b1e0e364e4a297d6b0307cde
  custom:scripting/monoscript/fileName/UnityThreadWaiter.cs: dbd556f2802baab90a20da38c288d36c -> 8c18b57ae31a995c4f80e969fb60a424
  custom:scripting/monoscript/fileName/LocksListView.cs: 8c6202774eebcf67be9c3b5a2926cc7c -> c9114421ddd1f63d11195a650a3f1c51
  custom:scripting/monoscript/fileName/HistoryTab.cs: 4d086984813cd90d6be245dd8e03a2ba -> a9318d9633d6ae9baee7b8236090210b
  custom:scripting/monoscript/fileName/CreateRepositoryDialog.cs: 1e1c5399cf3d0b071c7982c565a710ce -> 2451d2ca77e95d092f12e8dcad2565e2
  custom:scripting/monoscript/fileName/ViewSwitcher.cs: af4cfa015a44a1390a6513bac2b176c3 -> 0b14e588b653da06237ffb8a9b722bfb
  custom:CustomObjectIndexerAttribute: 72b91833f83ae208fae7752999fa3104 -> 
  custom:container-demuxer-webm: 4f35f7cbe854078d1ac9338744f61a02 -> 
  custom:scripting/monoscript/fileName/UpdateReportDialog.cs: 706e7e86547c339cdb3a4462e3f7a54d -> 5528da24abde339c5a39512ad1ddf49b
  custom:scripting/monoscript/fileName/LaunchCheckinConflictsDialog.cs: 4417eba1591eccb2221bfdce0106c1e0 -> 8a530306ad50204b83fe2145cc0430d6
  custom:scripting/monoscript/fileName/CreateWorkspaceView.cs: 0f1446bdab952811ae2968789e1a2804 -> c22237c9024c6492d5d427fba039b8fe
  custom:scripting/monoscript/fileName/CheckinDialog.cs: 1709b78fae1329cc05fd4f39334b25f5 -> d922ac65c79cc25dc274ff35b93d1b76
  custom:container-muxer-webm: aa71ff27fc2769a1b78a27578f13a17b -> 
  custom:scripting/monoscript/fileName/EditorProgressControls.cs: b1f133fa38afd918d537a72574fc93a0 -> 4028b3176faaee9457af32f81567eb89
  custom:video-decoder-webm-vp8: 9c59270c3fd7afecdb556c50c9e8de78 -> 
  custom:scripting/monoscript/fileName/ChangesetsTab.cs: ef408d8aaf89e01b17643ed0c836680d -> 8e3aa7ee78101378e39c5a835533d784
  custom:SearchIndexIgnoredProperties: e643bd26f0fe6173181afceb89e7c659 -> 
  custom:AudioImporter_EditorPlatform: d09bf68614088b80899f8185d706f6e7 -> 
  custom:scripting/monoscript/fileName/DiffPanel.cs: 02288a38bd14cc2b52a25b302a6f154e -> c81b86b339ddb7b8d423a70590019c6c
  custom:scripting/monoscript/fileName/ProgressOperationHandler.cs: 5fbb4e0f656dcfaa4498bd2e492e4710 -> 5dd4c72b5d589fc4c3156a2c64b55b78
  custom:scripting/monoscript/fileName/UnityPlasticTimer.cs: 961fdb6492c99b4a3eadbed28e78c4b0 -> 8973eb3d4d45be2dbe2afd7e9ff09196
  custom:scripting/monoscript/fileName/ConfirmContinueWithPendingChangesDialog.cs: c0e147ff008a0b77c9337132a3ea70af -> fec8fb82d0e5d2893b0efa5342794595
  custom:scripting/monoscript/fileName/ChannelCertificateUiImpl.cs: 75d7831ab5da75cc0082e28863abb142 -> c626ed7c2c9df34cc1ab0f93ddbe6266
  custom:scripting/monoscript/fileName/RepositoryExplorerDialog.cs: 143e7416b576681e1f2ea71288e530e6 -> 8d43fe2408229ed88f45ed9feca1097a
  custom:video-encoder-webm-vp8: eb34c28f22e8b96e1ab97ce403110664 -> 
  custom:scripting/monoscript/fileName/AutoLogin.cs: d257b2b319167ee8af9b75266dabb58c -> 54ea5979f6d25cc52a95b55e89b9132e
  custom:audio-decoder-ogg-vorbis: bf7c407c2cedff20999df2af8eb42d56 -> 
  custom:scripting/monoscript/fileName/LaunchDependenciesDialog.cs: e1c527862a66e73f0417ae177d7fdfb5 -> caf256f438ad2d48668abba1c569f470
  custom:scripting/monoscript/fileName/CloudEditionWelcomeWindow.cs: c886fdb39f4b8787e6ea3701a8f88f4a -> d28fe02acd164b3367b1789b9790e667
  custom:scripting/monoscript/fileName/CredentialsUIImpl.cs: 90e9c2de8d7bdd8424e0d89c415108ae -> 4324096a5b6ea94107dfe1b2d48ccf6e
  custom:scripting/monoscript/fileName/UnityPlasticGuiMessage.cs: 2a7f71f59c0d7dc731fd345a3713957c -> 65dc108de2447f10df03c727fdc46a0b
  custom:scripting/monoscript/fileName/LocksTab.cs: 134c512484ae73354c15c06a6dc69f9f -> 1eb1abbf0a81454ff699166522d0274a
  custom:scripting/monoscript/fileName/BranchesTab.cs: 764cb17e9337c58ad4f5304b60b2042e -> 6c73bb390525edfaeaee3aa961a1805c
  custom:audio-encoder-webm-vorbis: bf7c407c2cedff20999df2af8eb42d56 -> 
  custom:scripting/monoscript/fileName/PlasticWindow.cs: 76740c086f0109337962354fe520adb2 -> db1bcf55ae1c7b77c67756dffdd1fe63
========================================================================
Received Import Request.
  Time since last request: 120910.775633 seconds.
  path: Assets/Readme.asset
  artifactKey: Guid(8105016687592461f977c054a80ce2f2) Importer(815301076,1909f56bfc062723c751e8b465ee728b)
Start importing Assets/Readme.asset using Guid(8105016687592461f977c054a80ce2f2) Importer(815301076,1909f56bfc062723c751e8b465ee728b) [PhysX] Initialized MultithreadedTaskDispatcher with 16 workers.
 -> (artifact id: 'f448eb04ce67474f4a165c248c238a66') in 0.168691 seconds
Number of updated asset objects reloaded before import = 3
Number of asset objects unloaded after import = 2
